<?xml version="1.0" encoding="UTF-8" ?>
<testsuite errors="0" failures="1" hostname="Mik-Desktop" name="ClientConversations.ClientJoinFightConversationTest" tests="2" time="16.201" timestamp="2012-11-18T23:43:46">
  <properties>
[...]
</properties>
  <testcase classname="ClientConversations.ClientJoinFightConversationTest" name="testInitiate" time="15.137" />
  <testcase classname="ClientConversations.ClientJoinFightConversationTest" name="testContinueProtocol" time="1.005">
    <failure type="junit.framework.AssertionFailedError">junit.framework.AssertionFailedError
	at ClientConversations.ClientJoinFightConversationTest.testContinueProtocol(ClientJoinFightConversationTest.java:71)
</failure>
  </testcase>
  <system-out><![CDATA[Sending join fight request
Sending join fight request
Sending join fight request
processing reply
removing conversation
]]></system-out>
  <system-err><![CDATA[]]></system-err>
</testsuite>
